This is XeTeX, Version 3.141592653-2.6-0.999993 (MiKTeX 21.8) (preloaded format=xelatex 2021.11.29)  29 JAN 2022 14:23
entering extended mode
**./201911_BPSE_SS20.tex
(201911_BPSE_SS20.tex
LaTeX2e <2021-06-01> patch level 1
L3 programming layer <2021-08-27> (../estposter.cls

LaTeX Warning: You have requested document class `../estposter',
               but the document class provides `estposter'.

Document Class: estposter 2015/06/30 The EST labs poster class (based on ICM po
ster class)
(D:\Users\leonm\AppData\Local\Programs\MiKTeX\tex/latex/a0poster\a0poster.cls
Document Class: a0poster 2004/01/31 v1.22b a0poster class (GK, MW)
(D:\Users\leonm\AppData\Local\Programs\MiKTeX\tex/latex/base\article.cls
Document Class: article 2021/02/12 v1.4n Standard LaTeX document class
(D:\Users\leonm\AppData\Local\Programs\MiKTeX\tex/latex/base\size10.clo
File: size10.clo 2021/02/12 v1.4n Standard LaTeX file (size option)
)
\c@part=\count178
\c@section=\count179
\c@subsection=\count180
\c@subsubsection=\count181
\c@paragraph=\count182
\c@subparagraph=\count183
\c@figure=\count184
\c@table=\count185
\abovecaptionskip=\skip47
\belowcaptionskip=\skip48
\bibindent=\dimen138
)
\xkoord=\count186
\ykoord=\count187
\xscale=\count188
\yscale=\count189
\tausch=\dimen139
\Ausgabe=\write3
\openout3 = `a0header.ps'.


(D:\Users\leonm\AppData\Local\Programs\MiKTeX\tex/latex/a0poster\a0size.sty
File: a0size.sty 2004/01/31 v1.22b a0poster class (GK, MW)
LaTeX Font Info:    Redeclaring symbol font `largesymbols' on input line 229.
LaTeX Font Info:    Overwriting symbol font `largesymbols' in version `normal'
(Font)                  OMX/cmex/m/n --> OMX/cmex/m/n on input line 229.
LaTeX Font Info:    Overwriting symbol font `largesymbols' in version `bold'
(Font)                  OMX/cmex/m/n --> OMX/cmex/m/n on input line 229.
\big@size=\dimen140
))
(D:\Users\leonm\AppData\Local\Programs\MiKTeX\tex/latex/fontspec\fontspec.sty
(D:\Users\leonm\AppData\Local\Programs\MiKTeX\tex/latex/l3packages/xparse\xpars
e.sty
(D:\Users\leonm\AppData\Local\Programs\MiKTeX\tex/latex/l3kernel\expl3.sty
Package: expl3 2021-08-27 L3 programming layer (loader) 

(D:\Users\leonm\AppData\Local\Programs\MiKTeX\tex/latex/l3backend\l3backend-xet
ex.def
File: l3backend-xetex.def 2021-08-04 L3 backend support: XeTeX
 ()
\c__kernel_sys_dvipdfmx_version_int=\count190
\l__color_backend_stack_int=\count191
\g__color_backend_stack_int=\count192
\g__graphics_track_int=\count193
\l__pdf_internal_box=\box50
\g__pdf_backend_object_int=\count194
\g__pdf_backend_annotation_int=\count195
\g__pdf_backend_link_int=\count196
))
Package: xparse 2021-08-27 L3 Experimental document command parser
)
Package: fontspec 2020/02/21 v2.7i Font selection for XeLaTeX and LuaLaTeX

(D:\Users\leonm\AppData\Local\Programs\MiKTeX\tex/latex/fontspec\fontspec-xetex
.sty
Package: fontspec-xetex 2020/02/21 v2.7i Font selection for XeLaTeX and LuaLaTe
X
\l__fontspec_script_int=\count197
\l__fontspec_language_int=\count198
\l__fontspec_strnum_int=\count199
\l__fontspec_tmp_int=\count266
\l__fontspec_tmpa_int=\count267
\l__fontspec_tmpb_int=\count268
\l__fontspec_tmpc_int=\count269
\l__fontspec_em_int=\count270
\l__fontspec_emdef_int=\count271
\l__fontspec_strong_int=\count272
\l__fontspec_strongdef_int=\count273
\l__fontspec_tmpa_dim=\dimen141
\l__fontspec_tmpb_dim=\dimen142
\l__fontspec_tmpc_dim=\dimen143
 (D:\Users\leonm\AppData\Local\Programs\MiKTeX\tex/latex/base\fontenc.sty
Package: fontenc 2021/04/29 v2.0v Standard LaTeX package
)
(D:\Users\leonm\AppData\Local\Programs\MiKTeX\tex/latex/fontspec\fontspec.cfg))
)
(D:\Users\leonm\AppData\Local\Programs\MiKTeX\tex/xelatex/xunicode\xunicode.sty
File: xunicode.sty 2011/09/09 v0.981 provides access to latin accents and many 
other characters in Unicode lower plane
(D:\Users\leonm\AppData\Local\Programs\MiKTeX\tex/latex/tipa\t3enc.def
File: t3enc.def 2001/12/31 T3 encoding
)
\tipaTiiicode=\count274
\tipasavetokens=\toks16
\tipachecktokens=\toks17

(D:\Users\leonm\AppData\Local\Programs\MiKTeX\tex/latex/graphics\graphicx.sty
Package: graphicx 2020/12/05 v1.2c Enhanced LaTeX Graphics (DPC,SPQR)

(D:\Users\leonm\AppData\Local\Programs\MiKTeX\tex/latex/graphics\keyval.sty
Package: keyval 2014/10/28 v1.15 key=value parser (DPC)
\KV@toks@=\toks18
)
(D:\Users\leonm\AppData\Local\Programs\MiKTeX\tex/latex/graphics\graphics.sty
Package: graphics 2021/03/04 v1.4d Standard LaTeX Graphics (DPC,SPQR)

(D:\Users\leonm\AppData\Local\Programs\MiKTeX\tex/latex/graphics\trig.sty
Package: trig 2016/01/03 v1.10 sin cos tan (DPC)
)
(D:\Users\leonm\AppData\Local\Programs\MiKTeX\tex/latex/graphics-cfg\graphics.c
fg
File: graphics.cfg 2016/06/04 v1.11 sample graphics configuration
)
Package graphics Info: Driver file: xetex.def on input line 107.

(D:\Users\leonm\AppData\Local\Programs\MiKTeX\tex/latex/graphics-def\xetex.def
File: xetex.def 2021/03/18 v5.0k Graphics/color driver for xetex
))
\Gin@req@height=\dimen144
\Gin@req@width=\dimen145
))

Package fontspec Info: Font family 'Arial-Regular(0)' created for font
(fontspec)             'Arial-Regular' with options
(fontspec)             [Mapping=tex-text,Ligatures=TeX].
(fontspec)              
(fontspec)              This font family consists of the following NFSS
(fontspec)             series/shapes:
(fontspec)              
(fontspec)             - 'normal' (m/n) with NFSS spec.:
(fontspec)             <->"Arial-Regular/OT:script=latn;language=dflt;mapping=t
ex-text;"
(fontspec)             - 'small caps'  (m/sc) with NFSS spec.:
(fontspec)             <->"Arial-Regular/OT:script=latn;language=dflt;+smcp;map
ping=tex-text;"
(fontspec)             - 'bold' (b/n) with NFSS spec.:
(fontspec)             <->"Arial-Regular/B/OT:script=latn;language=dflt;mapping
=tex-text;"
(fontspec)             - 'bold small caps'  (b/sc) with NFSS spec.:
(fontspec)             <->"Arial-Regular/B/OT:script=latn;language=dflt;+smcp;m
apping=tex-text;"
(fontspec)             - 'italic' (m/it) with NFSS spec.:
(fontspec)             <->"Arial-Regular/I/OT:script=latn;language=dflt;mapping
=tex-text;"
(fontspec)             - 'italic small caps'  (m/scit) with NFSS spec.:
(fontspec)             <->"Arial-Regular/I/OT:script=latn;language=dflt;+smcp;m
apping=tex-text;"
(fontspec)             - 'bold italic' (b/it) with NFSS spec.:
(fontspec)             <->"Arial-Regular/BI/OT:script=latn;language=dflt;mappin
g=tex-text;"
(fontspec)             - 'bold italic small caps'  (b/scit) with NFSS spec.:
(fontspec)             <->"Arial-Regular/BI/OT:script=latn;language=dflt;+smcp;
mapping=tex-text;"

 (D:\Users\leonm\AppData\Local\Programs\MiKTeX\tex/generic/babel\babel.sty
Package: babel 2021/07/22 3.63 The Babel package

(D:\Users\leonm\AppData\Local\Programs\MiKTeX\tex/generic/babel\babel.def
File: babel.def 2021/07/22 3.63 Babel common definitions
\babel@savecnt=\count275
\U@D=\dimen146
\l@unhyphenated=\language79

(D:\Users\leonm\AppData\Local\Programs\MiKTeX\tex/generic/babel\xebabel.def
(D:\Users\leonm\AppData\Local\Programs\MiKTeX\tex/generic/babel\txtbabel.def))
\bbl@readstream=\read2
)
\bbl@dirlevel=\count276
*************************************
* Local config file bblopts.cfg used
*
(D:\Users\leonm\AppData\Local\Programs\MiKTeX\tex/latex/arabi\bblopts.cfg
File: bblopts.cfg 2005/09/08 v0.1 add Arabic and Farsi to "declared" options of
 babel
)
(D:\Users\leonm\AppData\Local\Programs\MiKTeX\tex/latex/babel-german\german.ldf
Language: german 2021/02/27 v2.13 German support for babel (pre-1996 orthograph
y)

(D:\Users\leonm\AppData\Local\Programs\MiKTeX\tex/latex/babel-german\germanb.ld
f
Language: germanb 2021/02/27 v2.13 German support for babel (pre-1996 orthograp
hy)
Package babel Info: Making " an active character on input line 139.
))
(D:\Users\leonm\AppData\Local\Programs\MiKTeX\tex/latex/babel-german\ngerman.ld
f
Language: ngerman 2021/02/27 v2.13 German support for babel (post-1996 orthogra
phy)

(D:\Users\leonm\AppData\Local\Programs\MiKTeX\tex/latex/babel-german\ngermanb.l
df
Language: ngermanb 2021/02/27 v2.13 German support for babel (post-1996 orthogr
aphy)
)))
(D:\Users\leonm\AppData\Local\Programs\MiKTeX\tex/latex/graphics\color.sty
Package: color 2020/02/24 v1.2b Standard LaTeX Color (DPC)

(D:\Users\leonm\AppData\Local\Programs\MiKTeX\tex/latex/graphics-cfg\color.cfg
File: color.cfg 2016/01/02 v1.6 sample color configuration
)
Package color Info: Driver file: xetex.def on input line 149.
) (D:\Users\leonm\AppData\Local\Programs\MiKTeX\tex/latex/xcolor\xcolor.sty
Package: xcolor 2016/05/11 v2.12 LaTeX color extensions (UK)

(D:\Users\leonm\AppData\Local\Programs\MiKTeX\tex/latex/graphics-cfg\color.cfg
File: color.cfg 2016/01/02 v1.6 sample color configuration
)
Package xcolor Info: Driver file: xetex.def on input line 225.
LaTeX Info: Redefining \color on input line 709.
Package xcolor Info: Model `cmy' substituted by `cmy0' on input line 1348.
Package xcolor Info: Model `RGB' extended on input line 1364.
Package xcolor Info: Model `HTML' substituted by `rgb' on input line 1366.
Package xcolor Info: Model `Hsb' substituted by `hsb' on input line 1367.
Package xcolor Info: Model `tHsb' substituted by `hsb' on input line 1368.
Package xcolor Info: Model `HSB' substituted by `hsb' on input line 1369.
Package xcolor Info: Model `Gray' substituted by `gray' on input line 1370.
Package xcolor Info: Model `wave' substituted by `hsb' on input line 1371.
) (D:\Users\leonm\AppData\Local\Programs\MiKTeX\tex/latex/textpos\textpos.sty
Package: textpos 2020/09/26 v1.10

Package: textpos 2020/09/26 1.10, absolute positioning of text on the page
Package textpos Info: choosing support for LaTeX3 on input line 61.
\TP@textbox=\box51
\TP@holdbox=\box52
\TPHorizModule=\dimen147
\TPVertModule=\dimen148
\TP@margin=\dimen149
\TP@absmargin=\dimen150
Grid set 16 x 16 = 52.81541pt x 74.65291pt
\TPboxrulesize=\dimen151
\TP@ox=\dimen152
\TP@oy=\dimen153
\TP@tbargs=\toks19
TextBlockOrigin set to 0pt x 0pt
) (D:\Users\leonm\AppData\Local\Programs\MiKTeX\tex/latex/xkeyval\xkeyval.sty
Package: xkeyval 2020/11/20 v2.8 package option processing (HA)

(D:\Users\leonm\AppData\Local\Programs\MiKTeX\tex/generic/xkeyval\xkeyval.tex
(D:\Users\leonm\AppData\Local\Programs\MiKTeX\tex/generic/xkeyval\xkvutils.tex
\XKV@toks=\toks20
\XKV@tempa@toks=\toks21
)
\XKV@depth=\count277
File: xkeyval.tex 2014/12/03 v2.7a key=value parser (HA)
)) (D:\Users\leonm\AppData\Local\Programs\MiKTeX\tex/latex/wasysym\wasysym.sty
Package: wasysym 2020/01/19 v2.4 Wasy-2 symbol support package
\symwasy=\mathgroup4
LaTeX Font Info:    Overwriting symbol font `wasy' in version `bold'
(Font)                  U/wasy/m/n --> U/wasy/b/n on input line 93.
) (D:\Users\leonm\AppData\Local\Programs\MiKTeX\tex/latex/ccicons\ccicons.sty
Package: ccicons 2017/10/30 v1.6 LaTeX support for Creative Commons icons
)
(D:\Users\leonm\AppData\Local\Programs\MiKTeX\tex/latex/graphics\rotating.sty
Package: rotating 2016/08/11 v2.16d rotated objects in LaTeX

(D:\Users\leonm\AppData\Local\Programs\MiKTeX\tex/latex/base\ifthen.sty
Package: ifthen 2020/11/24 v1.1c Standard LaTeX ifthen package (DPC)
)
\c@r@tfl@t=\count278
\rotFPtop=\skip49
\rotFPbot=\skip50
\rot@float@box=\box53
\rot@mess@toks=\toks22
)
(D:\Users\leonm\AppData\Local\Programs\MiKTeX\tex/latex/pgf/frontendlayer\tikz.
sty
(D:\Users\leonm\AppData\Local\Programs\MiKTeX\tex/latex/pgf/basiclayer\pgf.sty
(D:\Users\leonm\AppData\Local\Programs\MiKTeX\tex/latex/pgf/utilities\pgfrcs.st
y
(D:\Users\leonm\AppData\Local\Programs\MiKTeX\tex/generic/pgf/utilities\pgfutil
-common.tex
\pgfutil@everybye=\toks23
\pgfutil@tempdima=\dimen154
\pgfutil@tempdimb=\dimen155

(D:\Users\leonm\AppData\Local\Programs\MiKTeX\tex/generic/pgf/utilities\pgfutil
-common-lists.tex))
(D:\Users\leonm\AppData\Local\Programs\MiKTeX\tex/generic/pgf/utilities\pgfutil
-latex.def
\pgfutil@abb=\box54
)
(D:\Users\leonm\AppData\Local\Programs\MiKTeX\tex/generic/pgf/utilities\pgfrcs.
code.tex
(D:\Users\leonm\AppData\Local\Programs\MiKTeX\tex/generic/pgf\pgf.revision.tex)
Package: pgfrcs 2021/05/15 v3.1.9a (3.1.9a)
))
Package: pgf 2021/05/15 v3.1.9a (3.1.9a)

(D:\Users\leonm\AppData\Local\Programs\MiKTeX\tex/latex/pgf/basiclayer\pgfcore.
sty
(D:\Users\leonm\AppData\Local\Programs\MiKTeX\tex/latex/pgf/systemlayer\pgfsys.
sty
(D:\Users\leonm\AppData\Local\Programs\MiKTeX\tex/generic/pgf/systemlayer\pgfsy
s.code.tex
Package: pgfsys 2021/05/15 v3.1.9a (3.1.9a)

(D:\Users\leonm\AppData\Local\Programs\MiKTeX\tex/generic/pgf/utilities\pgfkeys
.code.tex
\pgfkeys@pathtoks=\toks24
\pgfkeys@temptoks=\toks25

(D:\Users\leonm\AppData\Local\Programs\MiKTeX\tex/generic/pgf/utilities\pgfkeys
filtered.code.tex
\pgfkeys@tmptoks=\toks26
))
\pgf@x=\dimen156
\pgf@y=\dimen157
\pgf@xa=\dimen158
\pgf@ya=\dimen159
\pgf@xb=\dimen160
\pgf@yb=\dimen161
\pgf@xc=\dimen162
\pgf@yc=\dimen163
\pgf@xd=\dimen164
\pgf@yd=\dimen165
\w@pgf@writea=\write4
\r@pgf@reada=\read3
\c@pgf@counta=\count279
\c@pgf@countb=\count280
\c@pgf@countc=\count281
\c@pgf@countd=\count282
\t@pgf@toka=\toks27
\t@pgf@tokb=\toks28
\t@pgf@tokc=\toks29
\pgf@sys@id@count=\count283

(D:\Users\leonm\AppData\Local\Programs\MiKTeX\tex/generic/pgf/systemlayer\pgf.c
fg
File: pgf.cfg 2021/05/15 v3.1.9a (3.1.9a)
)
Driver file for pgf: pgfsys-xetex.def

(D:\Users\leonm\AppData\Local\Programs\MiKTeX\tex/generic/pgf/systemlayer\pgfsy
s-xetex.def
File: pgfsys-xetex.def 2021/05/15 v3.1.9a (3.1.9a)

(D:\Users\leonm\AppData\Local\Programs\MiKTeX\tex/generic/pgf/systemlayer\pgfsy
s-dvipdfmx.def
File: pgfsys-dvipdfmx.def 2021/05/15 v3.1.9a (3.1.9a)

(D:\Users\leonm\AppData\Local\Programs\MiKTeX\tex/generic/pgf/systemlayer\pgfsy
s-common-pdf.def
File: pgfsys-common-pdf.def 2021/05/15 v3.1.9a (3.1.9a)
)
\pgfsys@objnum=\count284
)))
(D:\Users\leonm\AppData\Local\Programs\MiKTeX\tex/generic/pgf/systemlayer\pgfsy
ssoftpath.code.tex
File: pgfsyssoftpath.code.tex 2021/05/15 v3.1.9a (3.1.9a)
\pgfsyssoftpath@smallbuffer@items=\count285
\pgfsyssoftpath@bigbuffer@items=\count286
)
(D:\Users\leonm\AppData\Local\Programs\MiKTeX\tex/generic/pgf/systemlayer\pgfsy
sprotocol.code.tex
File: pgfsysprotocol.code.tex 2021/05/15 v3.1.9a (3.1.9a)
))
(D:\Users\leonm\AppData\Local\Programs\MiKTeX\tex/generic/pgf/basiclayer\pgfcor
e.code.tex
Package: pgfcore 2021/05/15 v3.1.9a (3.1.9a)

(D:\Users\leonm\AppData\Local\Programs\MiKTeX\tex/generic/pgf/math\pgfmath.code
.tex
(D:\Users\leonm\AppData\Local\Programs\MiKTeX\tex/generic/pgf/math\pgfmathcalc.
code.tex
(D:\Users\leonm\AppData\Local\Programs\MiKTeX\tex/generic/pgf/math\pgfmathutil.
code.tex)
(D:\Users\leonm\AppData\Local\Programs\MiKTeX\tex/generic/pgf/math\pgfmathparse
r.code.tex
\pgfmath@dimen=\dimen166
\pgfmath@count=\count287
\pgfmath@box=\box55
\pgfmath@toks=\toks30
\pgfmath@stack@operand=\toks31
\pgfmath@stack@operation=\toks32
)
(D:\Users\leonm\AppData\Local\Programs\MiKTeX\tex/generic/pgf/math\pgfmathfunct
ions.code.tex
(D:\Users\leonm\AppData\Local\Programs\MiKTeX\tex/generic/pgf/math\pgfmathfunct
ions.basic.code.tex)
(D:\Users\leonm\AppData\Local\Programs\MiKTeX\tex/generic/pgf/math\pgfmathfunct
ions.trigonometric.code.tex)
(D:\Users\leonm\AppData\Local\Programs\MiKTeX\tex/generic/pgf/math\pgfmathfunct
ions.random.code.tex)
(D:\Users\leonm\AppData\Local\Programs\MiKTeX\tex/generic/pgf/math\pgfmathfunct
ions.comparison.code.tex)
(D:\Users\leonm\AppData\Local\Programs\MiKTeX\tex/generic/pgf/math\pgfmathfunct
ions.base.code.tex)
(D:\Users\leonm\AppData\Local\Programs\MiKTeX\tex/generic/pgf/math\pgfmathfunct
ions.round.code.tex)
(D:\Users\leonm\AppData\Local\Programs\MiKTeX\tex/generic/pgf/math\pgfmathfunct
ions.misc.code.tex)
(D:\Users\leonm\AppData\Local\Programs\MiKTeX\tex/generic/pgf/math\pgfmathfunct
ions.integerarithmetics.code.tex)))
(D:\Users\leonm\AppData\Local\Programs\MiKTeX\tex/generic/pgf/math\pgfmathfloat
.code.tex
\c@pgfmathroundto@lastzeros=\count288
))
(D:\Users\leonm\AppData\Local\Programs\MiKTeX\tex/generic/pgf/math\pgfint.code.
tex)
(D:\Users\leonm\AppData\Local\Programs\MiKTeX\tex/generic/pgf/basiclayer\pgfcor
epoints.code.tex
File: pgfcorepoints.code.tex 2021/05/15 v3.1.9a (3.1.9a)
\pgf@picminx=\dimen167
\pgf@picmaxx=\dimen168
\pgf@picminy=\dimen169
\pgf@picmaxy=\dimen170
\pgf@pathminx=\dimen171
\pgf@pathmaxx=\dimen172
\pgf@pathminy=\dimen173
\pgf@pathmaxy=\dimen174
\pgf@xx=\dimen175
\pgf@xy=\dimen176
\pgf@yx=\dimen177
\pgf@yy=\dimen178
\pgf@zx=\dimen179
\pgf@zy=\dimen180
)
(D:\Users\leonm\AppData\Local\Programs\MiKTeX\tex/generic/pgf/basiclayer\pgfcor
epathconstruct.code.tex
File: pgfcorepathconstruct.code.tex 2021/05/15 v3.1.9a (3.1.9a)
\pgf@path@lastx=\dimen181
\pgf@path@lasty=\dimen182
)
(D:\Users\leonm\AppData\Local\Programs\MiKTeX\tex/generic/pgf/basiclayer\pgfcor
epathusage.code.tex
File: pgfcorepathusage.code.tex 2021/05/15 v3.1.9a (3.1.9a)
\pgf@shorten@end@additional=\dimen183
\pgf@shorten@start@additional=\dimen184
)
(D:\Users\leonm\AppData\Local\Programs\MiKTeX\tex/generic/pgf/basiclayer\pgfcor
escopes.code.tex
File: pgfcorescopes.code.tex 2021/05/15 v3.1.9a (3.1.9a)
\pgfpic=\box56
\pgf@hbox=\box57
\pgf@layerbox@main=\box58
\pgf@picture@serial@count=\count289
)
(D:\Users\leonm\AppData\Local\Programs\MiKTeX\tex/generic/pgf/basiclayer\pgfcor
egraphicstate.code.tex
File: pgfcoregraphicstate.code.tex 2021/05/15 v3.1.9a (3.1.9a)
\pgflinewidth=\dimen185
)
(D:\Users\leonm\AppData\Local\Programs\MiKTeX\tex/generic/pgf/basiclayer\pgfcor
etransformations.code.tex
File: pgfcoretransformations.code.tex 2021/05/15 v3.1.9a (3.1.9a)
\pgf@pt@x=\dimen186
\pgf@pt@y=\dimen187
\pgf@pt@temp=\dimen188
)
(D:\Users\leonm\AppData\Local\Programs\MiKTeX\tex/generic/pgf/basiclayer\pgfcor
equick.code.tex
File: pgfcorequick.code.tex 2021/05/15 v3.1.9a (3.1.9a)
)
(D:\Users\leonm\AppData\Local\Programs\MiKTeX\tex/generic/pgf/basiclayer\pgfcor
eobjects.code.tex
File: pgfcoreobjects.code.tex 2021/05/15 v3.1.9a (3.1.9a)
)
(D:\Users\leonm\AppData\Local\Programs\MiKTeX\tex/generic/pgf/basiclayer\pgfcor
epathprocessing.code.tex
File: pgfcorepathprocessing.code.tex 2021/05/15 v3.1.9a (3.1.9a)
)
(D:\Users\leonm\AppData\Local\Programs\MiKTeX\tex/generic/pgf/basiclayer\pgfcor
earrows.code.tex
File: pgfcorearrows.code.tex 2021/05/15 v3.1.9a (3.1.9a)
\pgfarrowsep=\dimen189
)
(D:\Users\leonm\AppData\Local\Programs\MiKTeX\tex/generic/pgf/basiclayer\pgfcor
eshade.code.tex
File: pgfcoreshade.code.tex 2021/05/15 v3.1.9a (3.1.9a)
\pgf@max=\dimen190
\pgf@sys@shading@range@num=\count290
\pgf@shadingcount=\count291
)
(D:\Users\leonm\AppData\Local\Programs\MiKTeX\tex/generic/pgf/basiclayer\pgfcor
eimage.code.tex
File: pgfcoreimage.code.tex 2021/05/15 v3.1.9a (3.1.9a)

(D:\Users\leonm\AppData\Local\Programs\MiKTeX\tex/generic/pgf/basiclayer\pgfcor
eexternal.code.tex
File: pgfcoreexternal.code.tex 2021/05/15 v3.1.9a (3.1.9a)
\pgfexternal@startupbox=\box59
))
(D:\Users\leonm\AppData\Local\Programs\MiKTeX\tex/generic/pgf/basiclayer\pgfcor
elayers.code.tex
File: pgfcorelayers.code.tex 2021/05/15 v3.1.9a (3.1.9a)
)
(D:\Users\leonm\AppData\Local\Programs\MiKTeX\tex/generic/pgf/basiclayer\pgfcor
etransparency.code.tex
File: pgfcoretransparency.code.tex 2021/05/15 v3.1.9a (3.1.9a)
)
(D:\Users\leonm\AppData\Local\Programs\MiKTeX\tex/generic/pgf/basiclayer\pgfcor
epatterns.code.tex
File: pgfcorepatterns.code.tex 2021/05/15 v3.1.9a (3.1.9a)
)
(D:\Users\leonm\AppData\Local\Programs\MiKTeX\tex/generic/pgf/basiclayer\pgfcor
erdf.code.tex
File: pgfcorerdf.code.tex 2021/05/15 v3.1.9a (3.1.9a)
)))
(D:\Users\leonm\AppData\Local\Programs\MiKTeX\tex/generic/pgf/modules\pgfmodule
shapes.code.tex
File: pgfmoduleshapes.code.tex 2021/05/15 v3.1.9a (3.1.9a)
\pgfnodeparttextbox=\box60
)
(D:\Users\leonm\AppData\Local\Programs\MiKTeX\tex/generic/pgf/modules\pgfmodule
plot.code.tex
File: pgfmoduleplot.code.tex 2021/05/15 v3.1.9a (3.1.9a)
)
(D:\Users\leonm\AppData\Local\Programs\MiKTeX\tex/latex/pgf/compatibility\pgfco
mp-version-0-65.sty
Package: pgfcomp-version-0-65 2021/05/15 v3.1.9a (3.1.9a)
\pgf@nodesepstart=\dimen191
\pgf@nodesepend=\dimen192
)
(D:\Users\leonm\AppData\Local\Programs\MiKTeX\tex/latex/pgf/compatibility\pgfco
mp-version-1-18.sty
Package: pgfcomp-version-1-18 2021/05/15 v3.1.9a (3.1.9a)
))
(D:\Users\leonm\AppData\Local\Programs\MiKTeX\tex/latex/pgf/utilities\pgffor.st
y
(D:\Users\leonm\AppData\Local\Programs\MiKTeX\tex/latex/pgf/utilities\pgfkeys.s
ty
(D:\Users\leonm\AppData\Local\Programs\MiKTeX\tex/generic/pgf/utilities\pgfkeys
.code.tex))
(D:\Users\leonm\AppData\Local\Programs\MiKTeX\tex/latex/pgf/math\pgfmath.sty
(D:\Users\leonm\AppData\Local\Programs\MiKTeX\tex/generic/pgf/math\pgfmath.code
.tex))
(D:\Users\leonm\AppData\Local\Programs\MiKTeX\tex/generic/pgf/utilities\pgffor.
code.tex
Package: pgffor 2021/05/15 v3.1.9a (3.1.9a)

(D:\Users\leonm\AppData\Local\Programs\MiKTeX\tex/generic/pgf/math\pgfmath.code
.tex)
\pgffor@iter=\dimen193
\pgffor@skip=\dimen194
\pgffor@stack=\toks33
\pgffor@toks=\toks34
))
(D:\Users\leonm\AppData\Local\Programs\MiKTeX\tex/generic/pgf/frontendlayer/tik
z\tikz.code.tex
Package: tikz 2021/05/15 v3.1.9a (3.1.9a)

(D:\Users\leonm\AppData\Local\Programs\MiKTeX\tex/generic/pgf/libraries\pgflibr
aryplothandlers.code.tex
File: pgflibraryplothandlers.code.tex 2021/05/15 v3.1.9a (3.1.9a)
\pgf@plot@mark@count=\count292
\pgfplotmarksize=\dimen195
)
\tikz@lastx=\dimen196
\tikz@lasty=\dimen197
\tikz@lastxsaved=\dimen198
\tikz@lastysaved=\dimen199
\tikz@lastmovetox=\dimen256
\tikz@lastmovetoy=\dimen257
\tikzleveldistance=\dimen258
\tikzsiblingdistance=\dimen259
\tikz@figbox=\box61
\tikz@figbox@bg=\box62
\tikz@tempbox=\box63
\tikz@tempbox@bg=\box64
\tikztreelevel=\count293
\tikznumberofchildren=\count294
\tikznumberofcurrentchild=\count295
\tikz@fig@count=\count296

(D:\Users\leonm\AppData\Local\Programs\MiKTeX\tex/generic/pgf/modules\pgfmodule
matrix.code.tex
File: pgfmodulematrix.code.tex 2021/05/15 v3.1.9a (3.1.9a)
\pgfmatrixcurrentrow=\count297
\pgfmatrixcurrentcolumn=\count298
\pgf@matrix@numberofcolumns=\count299
)
\tikz@expandcount=\count300

(D:\Users\leonm\AppData\Local\Programs\MiKTeX\tex/generic/pgf/frontendlayer/tik
z/libraries\tikzlibrarytopaths.code.tex
File: tikzlibrarytopaths.code.tex 2021/05/15 v3.1.9a (3.1.9a)
)))
TextBlockOrigin set to 0mm x 0mm
)
(D:\Users\leonm\AppData\Local\Programs\MiKTeX\tex/latex/koma-script\scrextend.s
ty
Package: scrextend 2021/11/13 v3.35 KOMA-Script package (extend other classes w
ith features of KOMA-Script classes)

(D:\Users\leonm\AppData\Local\Programs\MiKTeX\tex/latex/koma-script\scrkbase.st
y
Package: scrkbase 2021/11/13 v3.35 KOMA-Script package (KOMA-Script-dependent b
asics and keyval usage)

(D:\Users\leonm\AppData\Local\Programs\MiKTeX\tex/latex/koma-script\scrbase.sty
Package: scrbase 2021/11/13 v3.35 KOMA-Script package (KOMA-Script-independent 
basics and keyval usage)

(D:\Users\leonm\AppData\Local\Programs\MiKTeX\tex/latex/koma-script\scrlfile.st
y
Package: scrlfile 2021/11/13 v3.35 KOMA-Script package (file load hooks)

(D:\Users\leonm\AppData\Local\Programs\MiKTeX\tex/latex/koma-script\scrlfile-ho
ok-3.34.sty
Package: scrlfile-hook-3.34 2021/11/13 v3.35 KOMA-Script package (using LaTeX h
ooks)

(D:\Users\leonm\AppData\Local\Programs\MiKTeX\tex/latex/koma-script\scrlogo.sty
Package: scrlogo 2021/11/13 v3.35 KOMA-Script package (logo)
)))
Applying: [2021/05/01] Usage of raw or classic option list on input line 252.
Already applied: [0000/00/00] Usage of raw or classic option list on input line
 368.
)))
(D:\Users\leonm\AppData\Local\Programs\MiKTeX\tex/latex/base\textcomp.sty
Package: textcomp 2020/02/02 v2.0n Standard LaTeX package
)
(D:\Users\leonm\AppData\Local\Programs\MiKTeX\tex/latex/enumitem\enumitem.sty
Package: enumitem 2019/06/20 v3.9 Customized lists
\labelindent=\skip51
\enit@outerparindent=\dimen260
\enit@toks=\toks35
\enit@inbox=\box65
\enit@count@id=\count301
\enitdp@description=\count302
)
(201911_BPSE_SS20.aux)
\openout1 = `201911_BPSE_SS20.aux'.

LaTeX Font Info:    Checking defaults for OML/cmm/m/it on input line 28.
LaTeX Font Info:    ... okay on input line 28.
LaTeX Font Info:    Checking defaults for OMS/cmsy/m/n on input line 28.
LaTeX Font Info:    ... okay on input line 28.
LaTeX Font Info:    Checking defaults for OT1/cmr/m/n on input line 28.
LaTeX Font Info:    ... okay on input line 28.
LaTeX Font Info:    Checking defaults for T1/cmr/m/n on input line 28.
LaTeX Font Info:    ... okay on input line 28.
LaTeX Font Info:    Checking defaults for TS1/cmr/m/n on input line 28.
LaTeX Font Info:    Trying to load font information for TS1+cmr on input line 2
8.

(D:\Users\leonm\AppData\Local\Programs\MiKTeX\tex/latex/base\ts1cmr.fd
File: ts1cmr.fd 2019/12/16 v2.5j Standard LaTeX font definitions
)
LaTeX Font Info:    ... okay on input line 28.
LaTeX Font Info:    Checking defaults for TU/lmr/m/n on input line 28.
LaTeX Font Info:    ... okay on input line 28.
LaTeX Font Info:    Checking defaults for OMX/cmex/m/n on input line 28.
LaTeX Font Info:    ... okay on input line 28.
LaTeX Font Info:    Checking defaults for U/cmr/m/n on input line 28.
LaTeX Font Info:    ... okay on input line 28.
LaTeX Font Info:    Checking defaults for T3/cmr/m/n on input line 28.
LaTeX Font Info:    Trying to load font information for T3+cmr on input line 28
.

(D:\Users\leonm\AppData\Local\Programs\MiKTeX\tex/latex/tipa\t3cmr.fd
File: t3cmr.fd 2001/12/31 TIPA font definitions
)
LaTeX Font Info:    ... okay on input line 28.

Package fontspec Info: Adjusting the maths setup (use [no-math] to avoid
(fontspec)             this).

\symlegacymaths=\mathgroup5
LaTeX Font Info:    Overwriting symbol font `legacymaths' in version `bold'
(Font)                  OT1/cmr/m/n --> OT1/cmr/bx/n on input line 28.
LaTeX Font Info:    Redeclaring math accent \acute on input line 28.
LaTeX Font Info:    Redeclaring math accent \grave on input line 28.
LaTeX Font Info:    Redeclaring math accent \ddot on input line 28.
LaTeX Font Info:    Redeclaring math accent \tilde on input line 28.
LaTeX Font Info:    Redeclaring math accent \bar on input line 28.
LaTeX Font Info:    Redeclaring math accent \breve on input line 28.
LaTeX Font Info:    Redeclaring math accent \check on input line 28.
LaTeX Font Info:    Redeclaring math accent \hat on input line 28.
LaTeX Font Info:    Redeclaring math accent \dot on input line 28.
LaTeX Font Info:    Redeclaring math accent \mathring on input line 28.
LaTeX Font Info:    Redeclaring math symbol \colon on input line 28.
LaTeX Font Info:    Redeclaring math symbol \Gamma on input line 28.
LaTeX Font Info:    Redeclaring math symbol \Delta on input line 28.
LaTeX Font Info:    Redeclaring math symbol \Theta on input line 28.
LaTeX Font Info:    Redeclaring math symbol \Lambda on input line 28.
LaTeX Font Info:    Redeclaring math symbol \Xi on input line 28.
LaTeX Font Info:    Redeclaring math symbol \Pi on input line 28.
LaTeX Font Info:    Redeclaring math symbol \Sigma on input line 28.
LaTeX Font Info:    Redeclaring math symbol \Upsilon on input line 28.
LaTeX Font Info:    Redeclaring math symbol \Phi on input line 28.
LaTeX Font Info:    Redeclaring math symbol \Psi on input line 28.
LaTeX Font Info:    Redeclaring math symbol \Omega on input line 28.
LaTeX Font Info:    Redeclaring math symbol \mathdollar on input line 28.
LaTeX Font Info:    Redeclaring symbol font `operators' on input line 28.
LaTeX Font Info:    Encoding `OT1' has changed to `TU' for symbol font
(Font)              `operators' in the math version `normal' on input line 28.
LaTeX Font Info:    Overwriting symbol font `operators' in version `normal'
(Font)                  OT1/cmr/m/n --> TU/Arial-Regular(0)/m/n on input line 2
8.
LaTeX Font Info:    Encoding `OT1' has changed to `TU' for symbol font
(Font)              `operators' in the math version `bold' on input line 28.
LaTeX Font Info:    Overwriting symbol font `operators' in version `bold'
(Font)                  OT1/cmr/bx/n --> TU/Arial-Regular(0)/m/n on input line 
28.
LaTeX Font Info:    Overwriting symbol font `operators' in version `normal'
(Font)                  TU/Arial-Regular(0)/m/n --> TU/Arial-Regular(0)/m/n on 
input line 28.
LaTeX Font Info:    Overwriting math alphabet `\mathit' in version `normal'
(Font)                  OT1/cmr/m/it --> TU/Arial-Regular(0)/m/it on input line
 28.
LaTeX Font Info:    Overwriting math alphabet `\mathbf' in version `normal'
(Font)                  OT1/cmr/bx/n --> TU/Arial-Regular(0)/b/n on input line 
28.
LaTeX Font Info:    Overwriting math alphabet `\mathsf' in version `normal'
(Font)                  OT1/cmss/m/n --> TU/lmss/m/n on input line 28.
LaTeX Font Info:    Overwriting math alphabet `\mathtt' in version `normal'
(Font)                  OT1/cmtt/m/n --> TU/lmtt/m/n on input line 28.
LaTeX Font Info:    Overwriting symbol font `operators' in version `bold'
(Font)                  TU/Arial-Regular(0)/m/n --> TU/Arial-Regular(0)/b/n on 
input line 28.
LaTeX Font Info:    Overwriting math alphabet `\mathit' in version `bold'
(Font)                  OT1/cmr/bx/it --> TU/Arial-Regular(0)/b/it on input lin
e 28.
LaTeX Font Info:    Overwriting math alphabet `\mathsf' in version `bold'
(Font)                  OT1/cmss/bx/n --> TU/lmss/b/n on input line 28.
LaTeX Font Info:    Overwriting math alphabet `\mathtt' in version `bold'
(Font)                  OT1/cmtt/m/n --> TU/lmtt/b/n on input line 28.

Overfull \hbox (76.82231pt too wide) in paragraph at lines 74--75
[][] 
 []

File: ../images//LG0_est_w1111.eps Graphic file (type eps)
<../images//LG0_est_w1111.eps>
Invalid UTF-8 byte or sequence at line 119 replaced by U+FFFD.
Invalid UTF-8 byte or sequence at line 119 replaced by U+FFFD.
Invalid UTF-8 byte or sequence at line 119 replaced by U+FFFD.
Invalid UTF-8 byte or sequence at line 119 replaced by U+FFFD.
Invalid UTF-8 byte or sequence at line 119 replaced by U+FFFD.
Invalid UTF-8 byte or sequence at line 119 replaced by U+FFFD.
Invalid UTF-8 byte or sequence at line 119 replaced by U+FFFD.
Invalid UTF-8 byte or sequence at line 119 replaced by U+FFFD.
Invalid UTF-8 byte or sequence at line 119 replaced by U+FFFD.
Invalid UTF-8 byte or sequence at line 119 replaced by U+FFFD.
Invalid UTF-8 byte or sequence at line 119 replaced by U+FFFD.
Invalid UTF-8 byte or sequence at line 119 replaced by U+FFFD.
Invalid UTF-8 byte or sequence at line 119 replaced by U+FFFD.
Invalid UTF-8 byte or sequence at line 119 replaced by U+FFFD.
Invalid UTF-8 byte or sequence at line 119 replaced by U+FFFD.
Invalid UTF-8 byte or sequence at line 119 replaced by U+FFFD.
Invalid UTF-8 byte or sequence at line 119 replaced by U+FFFD.
Invalid UTF-8 byte or sequence at line 119 replaced by U+FFFD.
Invalid UTF-8 byte or sequence at line 119 replaced by U+FFFD.
Invalid UTF-8 byte or sequence at line 119 replaced by U+FFFD.
Invalid UTF-8 byte or sequence at line 119 replaced by U+FFFD.
Invalid UTF-8 byte or sequence at line 119 replaced by U+FFFD.
Invalid UTF-8 byte or sequence at line 119 replaced by U+FFFD.
Invalid UTF-8 byte or sequence at line 119 replaced by U+FFFD.
Invalid UTF-8 byte or sequence at line 119 replaced by U+FFFD.
Invalid UTF-8 byte or sequence at line 119 replaced by U+FFFD.
Invalid UTF-8 byte or sequence at line 119 replaced by U+FFFD.
Invalid UTF-8 byte or sequence at line 119 replaced by U+FFFD.
Invalid UTF-8 byte or sequence at line 119 replaced by U+FFFD.
Invalid UTF-8 byte or sequence at line 119 replaced by U+FFFD.
Invalid UTF-8 byte or sequence at line 119 replaced by U+FFFD.
Invalid UTF-8 byte or sequence at line 119 replaced by U+FFFD.
Invalid UTF-8 byte or sequence at line 119 replaced by U+FFFD.
Invalid UTF-8 byte or sequence at line 119 replaced by U+FFFD.
Invalid UTF-8 byte or sequence at line 119 replaced by U+FFFD.
Invalid UTF-8 byte or sequence at line 119 replaced by U+FFFD.
Invalid UTF-8 byte or sequence at line 119 replaced by U+FFFD.
Invalid UTF-8 byte or sequence at line 119 replaced by U+FFFD.
Invalid UTF-8 byte or sequence at line 119 replaced by U+FFFD.
Invalid UTF-8 byte or sequence at line 119 replaced by U+FFFD.
Invalid UTF-8 byte or sequence at line 119 replaced by U+FFFD.
Invalid UTF-8 byte or sequence at line 119 replaced by U+FFFD.
Invalid UTF-8 byte or sequence at line 119 replaced by U+FFFD.
Invalid UTF-8 byte or sequence at line 119 replaced by U+FFFD.
Invalid UTF-8 byte or sequence at line 119 replaced by U+FFFD.
Invalid UTF-8 byte or sequence at line 119 replaced by U+FFFD.
Invalid UTF-8 byte or sequence at line 119 replaced by U+FFFD.
Invalid UTF-8 byte or sequence at line 119 replaced by U+FFFD.
Invalid UTF-8 byte or sequence at line 119 replaced by U+FFFD.
Invalid UTF-8 byte or sequence at line 119 replaced by U+FFFD.
Invalid UTF-8 byte or sequence at line 119 replaced by U+FFFD.
Invalid UTF-8 byte or sequence at line 119 replaced by U+FFFD.
Invalid UTF-8 byte or sequence at line 119 replaced by U+FFFD.
Invalid UTF-8 byte or sequence at line 119 replaced by U+FFFD.
Invalid UTF-8 byte or sequence at line 119 replaced by U+FFFD.
Invalid UTF-8 byte or sequence at line 119 replaced by U+FFFD.
Invalid UTF-8 byte or sequence at line 119 replaced by U+FFFD.
Invalid UTF-8 byte or sequence at line 119 replaced by U+FFFD.
Invalid UTF-8 byte or sequence at line 119 replaced by U+FFFD.
Invalid UTF-8 byte or sequence at line 119 replaced by U+FFFD.
Invalid UTF-8 byte or sequence at line 119 replaced by U+FFFD.
Invalid UTF-8 byte or sequence at line 119 replaced by U+FFFD.
Invalid UTF-8 byte or sequence at line 119 replaced by U+FFFD.
Invalid UTF-8 byte or sequence at line 119 replaced by U+FFFD.
Invalid UTF-8 byte or sequence at line 119 replaced by U+FFFD.
Invalid UTF-8 byte or sequence at line 119 replaced by U+FFFD.
Invalid UTF-8 byte or sequence at line 119 replaced by U+FFFD.
Invalid UTF-8 byte or sequence at line 119 replaced by U+FFFD.
Invalid UTF-8 byte or sequence at line 119 replaced by U+FFFD.
Invalid UTF-8 byte or sequence at line 119 replaced by U+FFFD.
Invalid UTF-8 byte or sequence at line 119 replaced by U+FFFD.
Invalid UTF-8 byte or sequence at line 119 replaced by U+FFFD.
Invalid UTF-8 byte or sequence at line 119 replaced by U+FFFD.
Invalid UTF-8 byte or sequence at line 119 replaced by U+FFFD.
Invalid UTF-8 byte or sequence at line 119 replaced by U+FFFD.
Invalid UTF-8 byte or sequence at line 119 replaced by U+FFFD.
Invalid UTF-8 byte or sequence at line 119 replaced by U+FFFD.
Invalid UTF-8 byte or sequence at line 119 replaced by U+FFFD.
Invalid UTF-8 byte or sequence at line 119 replaced by U+FFFD.
Invalid UTF-8 byte or sequence at line 119 replaced by U+FFFD.
Invalid UTF-8 byte or sequence at line 119 replaced by U+FFFD.
Invalid UTF-8 byte or sequence at line 119 replaced by U+FFFD.
Invalid UTF-8 byte or sequence at line 119 replaced by U+FFFD.
Invalid UTF-8 byte or sequence at line 119 replaced by U+FFFD.
Invalid UTF-8 byte or sequence at line 119 replaced by U+FFFD.
Invalid UTF-8 byte or sequence at line 119 replaced by U+FFFD.
Invalid UTF-8 byte or sequence at line 119 replaced by U+FFFD.
Invalid UTF-8 byte or sequence at line 119 replaced by U+FFFD.
Invalid UTF-8 byte or sequence at line 119 replaced by U+FFFD.
Invalid UTF-8 byte or sequence at line 119 replaced by U+FFFD.
Invalid UTF-8 byte or sequence at line 119 replaced by U+FFFD.
Invalid UTF-8 byte or sequence at line 119 replaced by U+FFFD.
Invalid UTF-8 byte or sequence at line 119 replaced by U+FFFD.
Invalid UTF-8 byte or sequence at line 119 replaced by U+FFFD.
Invalid UTF-8 byte or sequence at line 119 replaced by U+FFFD.
Invalid UTF-8 byte or sequence at line 119 replaced by U+FFFD.
Invalid UTF-8 byte or sequence at line 119 replaced by U+FFFD.
Invalid UTF-8 byte or sequence at line 119 replaced by U+FFFD.
Invalid UTF-8 byte or sequence at line 119 replaced by U+FFFD.
Invalid UTF-8 byte or sequence at line 119 replaced by U+FFFD.
Invalid UTF-8 byte or sequence at line 119 replaced by U+FFFD.
Invalid UTF-8 byte or sequence at line 119 replaced by U+FFFD.
Invalid UTF-8 byte or sequence at line 119 replaced by U+FFFD.
Invalid UTF-8 byte or sequence at line 119 replaced by U+FFFD.
Invalid UTF-8 byte or sequence at line 119 replaced by U+FFFD.
Invalid UTF-8 byte or sequence at line 119 replaced by U+FFFD.
Invalid UTF-8 byte or sequence at line 119 replaced by U+FFFD.
Invalid UTF-8 byte or sequence at line 119 replaced by U+FFFD.
Invalid UTF-8 byte or sequence at line 119 replaced by U+FFFD.
Invalid UTF-8 byte or sequence at line 119 replaced by U+FFFD.
Invalid UTF-8 byte or sequence at line 119 replaced by U+FFFD.
Invalid UTF-8 byte or sequence at line 119 replaced by U+FFFD.
Invalid UTF-8 byte or sequence at line 119 replaced by U+FFFD.
Invalid UTF-8 byte or sequence at line 119 replaced by U+FFFD.
Invalid UTF-8 byte or sequence at line 119 replaced by U+FFFD.
Invalid UTF-8 byte or sequence at line 119 replaced by U+FFFD.
Invalid UTF-8 byte or sequence at line 119 replaced by U+FFFD.
Invalid UTF-8 byte or sequence at line 119 replaced by U+FFFD.
Invalid UTF-8 byte or sequence at line 119 replaced by U+FFFD.
Invalid UTF-8 byte or sequence at line 119 replaced by U+FFFD.
Invalid UTF-8 byte or sequence at line 119 replaced by U+FFFD.
Invalid UTF-8 byte or sequence at line 119 replaced by U+FFFD.
Invalid UTF-8 byte or sequence at line 119 replaced by U+FFFD.
Invalid UTF-8 byte or sequence at line 119 replaced by U+FFFD.
Invalid UTF-8 byte or sequence at line 119 replaced by U+FFFD.
Invalid UTF-8 byte or sequence at line 119 replaced by U+FFFD.
Invalid UTF-8 byte or sequence at line 119 replaced by U+FFFD.
Invalid UTF-8 byte or sequence at line 119 replaced by U+FFFD.
Invalid UTF-8 byte or sequence at line 119 replaced by U+FFFD.
Invalid UTF-8 byte or sequence at line 119 replaced by U+FFFD.
Invalid UTF-8 byte or sequence at line 119 replaced by U+FFFD.
Invalid UTF-8 byte or sequence at line 119 replaced by U+FFFD.
Invalid UTF-8 byte or sequence at line 119 replaced by U+FFFD.
Invalid UTF-8 byte or sequence at line 119 replaced by U+FFFD.
Invalid UTF-8 byte or sequence at line 119 replaced by U+FFFD.
Invalid UTF-8 byte or sequence at line 119 replaced by U+FFFD.
Invalid UTF-8 byte or sequence at line 119 replaced by U+FFFD.
Invalid UTF-8 byte or sequence at line 119 replaced by U+FFFD.
Invalid UTF-8 byte or sequence at line 119 replaced by U+FFFD.
Invalid UTF-8 byte or sequence at line 119 replaced by U+FFFD.
Invalid UTF-8 byte or sequence at line 119 replaced by U+FFFD.
Invalid UTF-8 byte or sequence at line 119 replaced by U+FFFD.
Invalid UTF-8 byte or sequence at line 119 replaced by U+FFFD.
Invalid UTF-8 byte or sequence at line 119 replaced by U+FFFD.
Invalid UTF-8 byte or sequence at line 119 replaced by U+FFFD.
Invalid UTF-8 byte or sequence at line 119 replaced by U+FFFD.
Invalid UTF-8 byte or sequence at line 119 replaced by U+FFFD.
Invalid UTF-8 byte or sequence at line 119 replaced by U+FFFD.
Invalid UTF-8 byte or sequence at line 119 replaced by U+FFFD.
Invalid UTF-8 byte or sequence at line 119 replaced by U+FFFD.
Invalid UTF-8 byte or sequence at line 119 replaced by U+FFFD.
Invalid UTF-8 byte or sequence at line 119 replaced by U+FFFD.
Invalid UTF-8 byte or sequence at line 119 replaced by U+FFFD.
Invalid UTF-8 byte or sequence at line 119 replaced by U+FFFD.
Invalid UTF-8 byte or sequence at line 119 replaced by U+FFFD.
Invalid UTF-8 byte or sequence at line 119 replaced by U+FFFD.
Invalid UTF-8 byte or sequence at line 119 replaced by U+FFFD.
Invalid UTF-8 byte or sequence at line 119 replaced by U+FFFD.
Invalid UTF-8 byte or sequence at line 119 replaced by U+FFFD.
Invalid UTF-8 byte or sequence at line 119 replaced by U+FFFD.
Invalid UTF-8 byte or sequence at line 119 replaced by U+FFFD.
Invalid UTF-8 byte or sequence at line 119 replaced by U+FFFD.
Invalid UTF-8 byte or sequence at line 119 replaced by U+FFFD.
Invalid UTF-8 byte or sequence at line 119 replaced by U+FFFD.
Invalid UTF-8 byte or sequence at line 119 replaced by U+FFFD.
Invalid UTF-8 byte or sequence at line 119 replaced by U+FFFD.
Invalid UTF-8 byte or sequence at line 119 replaced by U+FFFD.
Invalid UTF-8 byte or sequence at line 119 replaced by U+FFFD.
Invalid UTF-8 byte or sequence at line 119 replaced by U+FFFD.
Invalid UTF-8 byte or sequence at line 119 replaced by U+FFFD.
Invalid UTF-8 byte or sequence at line 119 replaced by U+FFFD.
Invalid UTF-8 byte or sequence at line 119 replaced by U+FFFD.
Invalid UTF-8 byte or sequence at line 119 replaced by U+FFFD.
Invalid UTF-8 byte or sequence at line 119 replaced by U+FFFD.
Invalid UTF-8 byte or sequence at line 119 replaced by U+FFFD.
Invalid UTF-8 byte or sequence at line 119 replaced by U+FFFD.
Invalid UTF-8 byte or sequence at line 119 replaced by U+FFFD.
Invalid UTF-8 byte or sequence at line 119 replaced by U+FFFD.
Invalid UTF-8 byte or sequence at line 119 replaced by U+FFFD.
Invalid UTF-8 byte or sequence at line 119 replaced by U+FFFD.
Invalid UTF-8 byte or sequence at line 119 replaced by U+FFFD.
Invalid UTF-8 byte or sequence at line 119 replaced by U+FFFD.
Invalid UTF-8 byte or sequence at line 119 replaced by U+FFFD.
Invalid UTF-8 byte or sequence at line 119 replaced by U+FFFD.
Invalid UTF-8 byte or sequence at line 119 replaced by U+FFFD.
Invalid UTF-8 byte or sequence at line 119 replaced by U+FFFD.
Invalid UTF-8 byte or sequence at line 119 replaced by U+FFFD.
Invalid UTF-8 byte or sequence at line 119 replaced by U+FFFD.
Invalid UTF-8 byte or sequence at line 119 replaced by U+FFFD.
Invalid UTF-8 byte or sequence at line 119 replaced by U+FFFD.
Invalid UTF-8 byte or sequence at line 119 replaced by U+FFFD.
Invalid UTF-8 byte or sequence at line 119 replaced by U+FFFD.
Invalid UTF-8 byte or sequence at line 119 replaced by U+FFFD.
Invalid UTF-8 byte or sequence at line 119 replaced by U+FFFD.
Invalid UTF-8 byte or sequence at line 119 replaced by U+FFFD.
Invalid UTF-8 byte or sequence at line 119 replaced by U+FFFD.
Invalid UTF-8 byte or sequence at line 119 replaced by U+FFFD.
Invalid UTF-8 byte or sequence at line 119 replaced by U+FFFD.
Invalid UTF-8 byte or sequence at line 119 replaced by U+FFFD.
Invalid UTF-8 byte or sequence at line 119 replaced by U+FFFD.
Invalid UTF-8 byte or sequence at line 119 replaced by U+FFFD.
Invalid UTF-8 byte or sequence at line 119 replaced by U+FFFD.
Invalid UTF-8 byte or sequence at line 119 replaced by U+FFFD.
Invalid UTF-8 byte or sequence at line 119 replaced by U+FFFD.
Invalid UTF-8 byte or sequence at line 119 replaced by U+FFFD.
Invalid UTF-8 byte or sequence at line 119 replaced by U+FFFD.
Invalid UTF-8 byte or sequence at line 119 replaced by U+FFFD.
Invalid UTF-8 byte or sequence at line 119 replaced by U+FFFD.
Invalid UTF-8 byte or sequence at line 119 replaced by U+FFFD.
Invalid UTF-8 byte or sequence at line 119 replaced by U+FFFD.
Invalid UTF-8 byte or sequence at line 119 replaced by U+FFFD.
Invalid UTF-8 byte or sequence at line 119 replaced by U+FFFD.
Invalid UTF-8 byte or sequence at line 119 replaced by U+FFFD.
Invalid UTF-8 byte or sequence at line 119 replaced by U+FFFD.
Invalid UTF-8 byte or sequence at line 119 replaced by U+FFFD.
Invalid UTF-8 byte or sequence at line 119 replaced by U+FFFD.
Invalid UTF-8 byte or sequence at line 119 replaced by U+FFFD.
Invalid UTF-8 byte or sequence at line 119 replaced by U+FFFD.
Invalid UTF-8 byte or sequence at line 119 replaced by U+FFFD.
Invalid UTF-8 byte or sequence at line 119 replaced by U+FFFD.
Invalid UTF-8 byte or sequence at line 119 replaced by U+FFFD.
Invalid UTF-8 byte or sequence at line 119 replaced by U+FFFD.
Invalid UTF-8 byte or sequence at line 119 replaced by U+FFFD.
Invalid UTF-8 byte or sequence at line 119 replaced by U+FFFD.
Invalid UTF-8 byte or sequence at line 119 replaced by U+FFFD.
Invalid UTF-8 byte or sequence at line 119 replaced by U+FFFD.
Invalid UTF-8 byte or sequence at line 119 replaced by U+FFFD.
Invalid UTF-8 byte or sequence at line 119 replaced by U+FFFD.
Invalid UTF-8 byte or sequence at line 119 replaced by U+FFFD.
Invalid UTF-8 byte or sequence at line 119 replaced by U+FFFD.
Invalid UTF-8 byte or sequence at line 119 replaced by U+FFFD.
Invalid UTF-8 byte or sequence at line 119 replaced by U+FFFD.
Invalid UTF-8 byte or sequence at line 119 replaced by U+FFFD.
Invalid UTF-8 byte or sequence at line 119 replaced by U+FFFD.
Invalid UTF-8 byte or sequence at line 119 replaced by U+FFFD.
Invalid UTF-8 byte or sequence at line 119 replaced by U+FFFD.
Invalid UTF-8 byte or sequence at line 119 replaced by U+FFFD.
Invalid UTF-8 byte or sequence at line 119 replaced by U+FFFD.
Invalid UTF-8 byte or sequence at line 119 replaced by U+FFFD.
Invalid UTF-8 byte or sequence at line 119 replaced by U+FFFD.
Invalid UTF-8 byte or sequence at line 119 replaced by U+FFFD.
Invalid UTF-8 byte or sequence at line 119 replaced by U+FFFD.
Invalid UTF-8 byte or sequence at line 119 replaced by U+FFFD.
Invalid UTF-8 byte or sequence at line 119 replaced by U+FFFD.
Invalid UTF-8 byte or sequence at line 119 replaced by U+FFFD.
Invalid UTF-8 byte or sequence at line 119 replaced by U+FFFD.
Invalid UTF-8 byte or sequence at line 119 replaced by U+FFFD.
Invalid UTF-8 byte or sequence at line 119 replaced by U+FFFD.
Invalid UTF-8 byte or sequence at line 119 replaced by U+FFFD.
Invalid UTF-8 byte or sequence at line 119 replaced by U+FFFD.
Invalid UTF-8 byte or sequence at line 119 replaced by U+FFFD.
Invalid UTF-8 byte or sequence at line 119 replaced by U+FFFD.
Invalid UTF-8 byte or sequence at line 119 replaced by U+FFFD.
Invalid UTF-8 byte or sequence at line 119 replaced by U+FFFD.
Invalid UTF-8 byte or sequence at line 119 replaced by U+FFFD.
Invalid UTF-8 byte or sequence at line 119 replaced by U+FFFD.
Invalid UTF-8 byte or sequence at line 119 replaced by U+FFFD.
Invalid UTF-8 byte or sequence at line 119 replaced by U+FFFD.
Invalid UTF-8 byte or sequence at line 119 replaced by U+FFFD.
Invalid UTF-8 byte or sequence at line 119 replaced by U+FFFD.
Invalid UTF-8 byte or sequence at line 119 replaced by U+FFFD.
Invalid UTF-8 byte or sequence at line 119 replaced by U+FFFD.
Invalid UTF-8 byte or sequence at line 119 replaced by U+FFFD.
Invalid UTF-8 byte or sequence at line 119 replaced by U+FFFD.
Invalid UTF-8 byte or sequence at line 119 replaced by U+FFFD.
Invalid UTF-8 byte or sequence at line 119 replaced by U+FFFD.
Invalid UTF-8 byte or sequence at line 119 replaced by U+FFFD.
Invalid UTF-8 byte or sequence at line 119 replaced by U+FFFD.
Invalid UTF-8 byte or sequence at line 119 replaced by U+FFFD.
Invalid UTF-8 byte or sequence at line 119 replaced by U+FFFD.
Invalid UTF-8 byte or sequence at line 119 replaced by U+FFFD.
Invalid UTF-8 byte or sequence at line 119 replaced by U+FFFD.
Invalid UTF-8 byte or sequence at line 119 replaced by U+FFFD.
Invalid UTF-8 byte or sequence at line 119 replaced by U+FFFD.
Invalid UTF-8 byte or sequence at line 119 replaced by U+FFFD.
Invalid UTF-8 byte or sequence at line 119 replaced by U+FFFD.
Invalid UTF-8 byte or sequence at line 119 replaced by U+FFFD.
Invalid UTF-8 byte or sequence at line 119 replaced by U+FFFD.
Invalid UTF-8 byte or sequence at line 119 replaced by U+FFFD.
Invalid UTF-8 byte or sequence at line 119 replaced by U+FFFD.
Invalid UTF-8 byte or sequence at line 119 replaced by U+FFFD.
Invalid UTF-8 byte or sequence at line 119 replaced by U+FFFD.
Invalid UTF-8 byte or sequence at line 119 replaced by U+FFFD.
Invalid UTF-8 byte or sequence at line 119 replaced by U+FFFD.
Invalid UTF-8 byte or sequence at line 119 replaced by U+FFFD.
Invalid UTF-8 byte or sequence at line 119 replaced by U+FFFD.
Invalid UTF-8 byte or sequence at line 119 replaced by U+FFFD.
Invalid UTF-8 byte or sequence at line 119 replaced by U+FFFD.
Invalid UTF-8 byte or sequence at line 119 replaced by U+FFFD.
Invalid UTF-8 byte or sequence at line 119 replaced by U+FFFD.
Invalid UTF-8 byte or sequence at line 119 replaced by U+FFFD.
Invalid UTF-8 byte or sequence at line 119 replaced by U+FFFD.
Invalid UTF-8 byte or sequence at line 119 replaced by U+FFFD.
Invalid UTF-8 byte or sequence at line 119 replaced by U+FFFD.
Invalid UTF-8 byte or sequence at line 119 replaced by U+FFFD.
Invalid UTF-8 byte or sequence at line 119 replaced by U+FFFD.
Invalid UTF-8 byte or sequence at line 119 replaced by U+FFFD.
Invalid UTF-8 byte or sequence at line 119 replaced by U+FFFD.
Invalid UTF-8 byte or sequence at line 119 replaced by U+FFFD.
Invalid UTF-8 byte or sequence at line 119 replaced by U+FFFD.
Invalid UTF-8 byte or sequence at line 119 replaced by U+FFFD.
Invalid UTF-8 byte or sequence at line 119 replaced by U+FFFD.
Invalid UTF-8 byte or sequence at line 119 replaced by U+FFFD.
Invalid UTF-8 byte or sequence at line 119 replaced by U+FFFD.
Invalid UTF-8 byte or sequence at line 119 replaced by U+FFFD.
Invalid UTF-8 byte or sequence at line 119 replaced by U+FFFD.
Invalid UTF-8 byte or sequence at line 119 replaced by U+FFFD.
Invalid UTF-8 byte or sequence at line 119 replaced by U+FFFD.
Invalid UTF-8 byte or sequence at line 119 replaced by U+FFFD.
Invalid UTF-8 byte or sequence at line 119 replaced by U+FFFD.
Invalid UTF-8 byte or sequence at line 119 replaced by U+FFFD.
Invalid UTF-8 byte or sequence at line 119 replaced by U+FFFD.
Invalid UTF-8 byte or sequence at line 119 replaced by U+FFFD.
Invalid UTF-8 byte or sequence at line 119 replaced by U+FFFD.
Invalid UTF-8 byte or sequence at line 119 replaced by U+FFFD.
Invalid UTF-8 byte or sequence at line 119 replaced by U+FFFD.
Invalid UTF-8 byte or sequence at line 119 replaced by U+FFFD.
Invalid UTF-8 byte or sequence at line 119 replaced by U+FFFD.
Invalid UTF-8 byte or sequence at line 119 replaced by U+FFFD.
Invalid UTF-8 byte or sequence at line 119 replaced by U+FFFD.
Invalid UTF-8 byte or sequence at line 119 replaced by U+FFFD.
Invalid UTF-8 byte or sequence at line 119 replaced by U+FFFD.
Invalid UTF-8 byte or sequence at line 119 replaced by U+FFFD.
Invalid UTF-8 byte or sequence at line 119 replaced by U+FFFD.
Invalid UTF-8 byte or sequence at line 119 replaced by U+FFFD.
Invalid UTF-8 byte or sequence at line 119 replaced by U+FFFD.
Invalid UTF-8 byte or sequence at line 119 replaced by U+FFFD.
Invalid UTF-8 byte or sequence at line 119 replaced by U+FFFD.
Invalid UTF-8 byte or sequence at line 119 replaced by U+FFFD.
Invalid UTF-8 byte or sequence at line 119 replaced by U+FFFD.
Invalid UTF-8 byte or sequence at line 119 replaced by U+FFFD.
Invalid UTF-8 byte or sequence at line 119 replaced by U+FFFD.
Invalid UTF-8 byte or sequence at line 119 replaced by U+FFFD.
Invalid UTF-8 byte or sequence at line 119 replaced by U+FFFD.
Invalid UTF-8 byte or sequence at line 119 replaced by U+FFFD.
Invalid UTF-8 byte or sequence at line 119 replaced by U+FFFD.
Invalid UTF-8 byte or sequence at line 119 replaced by U+FFFD.
Invalid UTF-8 byte or sequence at line 119 replaced by U+FFFD.
Invalid UTF-8 byte or sequence at line 119 replaced by U+FFFD.
Invalid UTF-8 byte or sequence at line 119 replaced by U+FFFD.
Invalid UTF-8 byte or sequence at line 119 replaced by U+FFFD.
Invalid UTF-8 byte or sequence at line 119 replaced by U+FFFD.
Invalid UTF-8 byte or sequence at line 119 replaced by U+FFFD.
Invalid UTF-8 byte or sequence at line 119 replaced by U+FFFD.
Invalid UTF-8 byte or sequence at line 119 replaced by U+FFFD.
Invalid UTF-8 byte or sequence at line 119 replaced by U+FFFD.
Invalid UTF-8 byte or sequence at line 119 replaced by U+FFFD.
Invalid UTF-8 byte or sequence at line 119 replaced by U+FFFD.
Invalid UTF-8 byte or sequence at line 119 replaced by U+FFFD.
Invalid UTF-8 byte or sequence at line 119 replaced by U+FFFD.
Invalid UTF-8 byte or sequence at line 119 replaced by U+FFFD.
Invalid UTF-8 byte or sequence at line 119 replaced by U+FFFD.
Invalid UTF-8 byte or sequence at line 119 replaced by U+FFFD.
Invalid UTF-8 byte or sequence at line 119 replaced by U+FFFD.
Invalid UTF-8 byte or sequence at line 119 replaced by U+FFFD.
Invalid UTF-8 byte or sequence at line 119 replaced by U+FFFD.
Invalid UTF-8 byte or sequence at line 119 replaced by U+FFFD.
Invalid UTF-8 byte or sequence at line 119 replaced by U+FFFD.
Invalid UTF-8 byte or sequence at line 119 replaced by U+FFFD.
Invalid UTF-8 byte or sequence at line 119 replaced by U+FFFD.
Invalid UTF-8 byte or sequence at line 119 replaced by U+FFFD.
Invalid UTF-8 byte or sequence at line 119 replaced by U+FFFD.
Invalid UTF-8 byte or sequence at line 119 replaced by U+FFFD.
Invalid UTF-8 byte or sequence at line 119 replaced by U+FFFD.
Invalid UTF-8 byte or sequence at line 119 replaced by U+FFFD.
Invalid UTF-8 byte or sequence at line 119 replaced by U+FFFD.
Invalid UTF-8 byte or sequence at line 119 replaced by U+FFFD.
Invalid UTF-8 byte or sequence at line 119 replaced by U+FFFD.
Invalid UTF-8 byte or sequence at line 119 replaced by U+FFFD.
Invalid UTF-8 byte or sequence at line 119 replaced by U+FFFD.
Invalid UTF-8 byte or sequence at line 119 replaced by U+FFFD.
Invalid UTF-8 byte or sequence at line 119 replaced by U+FFFD.
Invalid UTF-8 byte or sequence at line 119 replaced by U+FFFD.
Invalid UTF-8 byte or sequence at line 119 replaced by U+FFFD.
Invalid UTF-8 byte or sequence at line 119 replaced by U+FFFD.
Invalid UTF-8 byte or sequence at line 119 replaced by U+FFFD.
Invalid UTF-8 byte or sequence at line 119 replaced by U+FFFD.
Invalid UTF-8 byte or sequence at line 119 replaced by U+FFFD.
Invalid UTF-8 byte or sequence at line 119 replaced by U+FFFD.
Invalid UTF-8 byte or sequence at line 119 replaced by U+FFFD.
Invalid UTF-8 byte or sequence at line 119 replaced by U+FFFD.
Invalid UTF-8 byte or sequence at line 119 replaced by U+FFFD.
Invalid UTF-8 byte or sequence at line 119 replaced by U+FFFD.
Invalid UTF-8 byte or sequence at line 119 replaced by U+FFFD.
Invalid UTF-8 byte or sequence at line 119 replaced by U+FFFD.
Invalid UTF-8 byte or sequence at line 119 replaced by U+FFFD.
Invalid UTF-8 byte or sequence at line 119 replaced by U+FFFD.
Invalid UTF-8 byte or sequence at line 119 replaced by U+FFFD.
Invalid UTF-8 byte or sequence at line 119 replaced by U+FFFD.
Invalid UTF-8 byte or sequence at line 119 replaced by U+FFFD.
Invalid UTF-8 byte or sequence at line 119 replaced by U+FFFD.
Invalid UTF-8 byte or sequence at line 119 replaced by U+FFFD.
Invalid UTF-8 byte or sequence at line 119 replaced by U+FFFD.
Invalid UTF-8 byte or sequence at line 119 replaced by U+FFFD.
Invalid UTF-8 byte or sequence at line 119 replaced by U+FFFD.
Invalid UTF-8 byte or sequence at line 119 replaced by U+FFFD.
Invalid UTF-8 byte or sequence at line 119 replaced by U+FFFD.
Invalid UTF-8 byte or sequence at line 119 replaced by U+FFFD.
Invalid UTF-8 byte or sequence at line 119 replaced by U+FFFD.
Invalid UTF-8 byte or sequence at line 119 replaced by U+FFFD.
Invalid UTF-8 byte or sequence at line 119 replaced by U+FFFD.
Invalid UTF-8 byte or sequence at line 119 replaced by U+FFFD.
Invalid UTF-8 byte or sequence at line 119 replaced by U+FFFD.
Invalid UTF-8 byte or sequence at line 119 replaced by U+FFFD.
Invalid UTF-8 byte or sequence at line 119 replaced by U+FFFD.
Invalid UTF-8 byte or sequence at line 119 replaced by U+FFFD.
Invalid UTF-8 byte or sequence at line 119 replaced by U+FFFD.
Invalid UTF-8 byte or sequence at line 119 replaced by U+FFFD.
Invalid UTF-8 byte or sequence at line 119 replaced by U+FFFD.
Invalid UTF-8 byte or sequence at line 119 replaced by U+FFFD.
Invalid UTF-8 byte or sequence at line 119 replaced by U+FFFD.
Invalid UTF-8 byte or sequence at line 119 replaced by U+FFFD.
Invalid UTF-8 byte or sequence at line 119 replaced by U+FFFD.
Invalid UTF-8 byte or sequence at line 119 replaced by U+FFFD.
Invalid UTF-8 byte or sequence at line 119 replaced by U+FFFD.
Invalid UTF-8 byte or sequence at line 119 replaced by U+FFFD.
Invalid UTF-8 byte or sequence at line 119 replaced by U+FFFD.
Invalid UTF-8 byte or sequence at line 119 replaced by U+FFFD.
Invalid UTF-8 byte or sequence at line 119 replaced by U+FFFD.
Invalid UTF-8 byte or sequence at line 119 replaced by U+FFFD.
Invalid UTF-8 byte or sequence at line 119 replaced by U+FFFD.
Invalid UTF-8 byte or sequence at line 119 replaced by U+FFFD.
Invalid UTF-8 byte or sequence at line 119 replaced by U+FFFD.
Invalid UTF-8 byte or sequence at line 119 replaced by U+FFFD.
Invalid UTF-8 byte or sequence at line 119 replaced by U+FFFD.
Invalid UTF-8 byte or sequence at line 119 replaced by U+FFFD.
Invalid UTF-8 byte or sequence at line 119 replaced by U+FFFD.
Invalid UTF-8 byte or sequence at line 119 replaced by U+FFFD.
Invalid UTF-8 byte or sequence at line 119 replaced by U+FFFD.
Invalid UTF-8 byte or sequence at line 119 replaced by U+FFFD.
Invalid UTF-8 byte or sequence at line 119 replaced by U+FFFD.
Invalid UTF-8 byte or sequence at line 119 replaced by U+FFFD.
Invalid UTF-8 byte or sequence at line 119 replaced by U+FFFD.
Invalid UTF-8 byte or sequence at line 119 replaced by U+FFFD.
Invalid UTF-8 byte or sequence at line 119 replaced by U+FFFD.
Invalid UTF-8 byte or sequence at line 119 replaced by U+FFFD.
Invalid UTF-8 byte or sequence at line 119 replaced by U+FFFD.
Invalid UTF-8 byte or sequence at line 119 replaced by U+FFFD.
Invalid UTF-8 byte or sequence at line 119 replaced by U+FFFD.
Invalid UTF-8 byte or sequence at line 119 replaced by U+FFFD.
Invalid UTF-8 byte or sequence at line 119 replaced by U+FFFD.
Invalid UTF-8 byte or sequence at line 119 replaced by U+FFFD.
Invalid UTF-8 byte or sequence at line 119 replaced by U+FFFD.
Invalid UTF-8 byte or sequence at line 119 replaced by U+FFFD.
Invalid UTF-8 byte or sequence at line 119 replaced by U+FFFD.
Invalid UTF-8 byte or sequence at line 119 replaced by U+FFFD.
Invalid UTF-8 byte or sequence at line 119 replaced by U+FFFD.
Invalid UTF-8 byte or sequence at line 119 replaced by U+FFFD.
Invalid UTF-8 byte or sequence at line 119 replaced by U+FFFD.
Invalid UTF-8 byte or sequence at line 119 replaced by U+FFFD.
Invalid UTF-8 byte or sequence at line 119 replaced by U+FFFD.
Invalid UTF-8 byte or sequence at line 119 replaced by U+FFFD.
Invalid UTF-8 byte or sequence at line 119 replaced by U+FFFD.
Invalid UTF-8 byte or sequence at line 119 replaced by U+FFFD.
Invalid UTF-8 byte or sequence at line 119 replaced by U+FFFD.
Invalid UTF-8 byte or sequence at line 119 replaced by U+FFFD.
Invalid UTF-8 byte or sequence at line 119 replaced by U+FFFD.
Invalid UTF-8 byte or sequence at line 119 replaced by U+FFFD.
Invalid UTF-8 byte or sequence at line 119 replaced by U+FFFD.
Invalid UTF-8 byte or sequence at line 119 replaced by U+FFFD.
Invalid UTF-8 byte or sequence at line 119 replaced by U+FFFD.
Invalid UTF-8 byte or sequence at line 119 replaced by U+FFFD.
Invalid UTF-8 byte or sequence at line 119 replaced by U+FFFD.
Invalid UTF-8 byte or sequence at line 119 replaced by U+FFFD.
Invalid UTF-8 byte or sequence at line 119 replaced by U+FFFD.
Invalid UTF-8 byte or sequence at line 119 replaced by U+FFFD.
Invalid UTF-8 byte or sequence at line 119 replaced by U+FFFD.
Invalid UTF-8 byte or sequence at line 119 replaced by U+FFFD.
Invalid UTF-8 byte or sequence at line 119 replaced by U+FFFD.
Invalid UTF-8 byte or sequence at line 119 replaced by U+FFFD.
Invalid UTF-8 byte or sequence at line 119 replaced by U+FFFD.
Invalid UTF-8 byte or sequence at line 119 replaced by U+FFFD.
Invalid UTF-8 byte or sequence at line 119 replaced by U+FFFD.
Invalid UTF-8 byte or sequence at line 119 replaced by U+FFFD.
Invalid UTF-8 byte or sequence at line 119 replaced by U+FFFD.
Invalid UTF-8 byte or sequence at line 119 replaced by U+FFFD.
Invalid UTF-8 byte or sequence at line 119 replaced by U+FFFD.
Invalid UTF-8 byte or sequence at line 119 replaced by U+FFFD.
Invalid UTF-8 byte or sequence at line 119 replaced by U+FFFD.
Invalid UTF-8 byte or sequence at line 119 replaced by U+FFFD.
Invalid UTF-8 byte or sequence at line 119 replaced by U+FFFD.
Invalid UTF-8 byte or sequence at line 119 replaced by U+FFFD.
Invalid UTF-8 byte or sequence at line 119 replaced by U+FFFD.
Invalid UTF-8 byte or sequence at line 119 replaced by U+FFFD.
Invalid UTF-8 byte or sequence at line 119 replaced by U+FFFD.
Invalid UTF-8 byte or sequence at line 119 replaced by U+FFFD.
Invalid UTF-8 byte or sequence at line 119 replaced by U+FFFD.
Invalid UTF-8 byte or sequence at line 119 replaced by U+FFFD.
Invalid UTF-8 byte or sequence at line 119 replaced by U+FFFD.
Invalid UTF-8 byte or sequence at line 119 replaced by U+FFFD.
Invalid UTF-8 byte or sequence at line 119 replaced by U+FFFD.
Invalid UTF-8 byte or sequence at line 119 replaced by U+FFFD.
Invalid UTF-8 byte or sequence at line 119 replaced by U+FFFD.
Invalid UTF-8 byte or sequence at line 119 replaced by U+FFFD.
Invalid UTF-8 byte or sequence at line 119 replaced by U+FFFD.
Invalid UTF-8 byte or sequence at line 119 replaced by U+FFFD.
Invalid UTF-8 byte or sequence at line 119 replaced by U+FFFD.
Invalid UTF-8 byte or sequence at line 119 replaced by U+FFFD.
Invalid UTF-8 byte or sequence at line 119 replaced by U+FFFD.
Invalid UTF-8 byte or sequence at line 119 replaced by U+FFFD.
Invalid UTF-8 byte or sequence at line 119 replaced by U+FFFD.
Invalid UTF-8 byte or sequence at line 119 replaced by U+FFFD.
Invalid UTF-8 byte or sequence at line 119 replaced by U+FFFD.
Invalid UTF-8 byte or sequence at line 119 replaced by U+FFFD.
Invalid UTF-8 byte or sequence at line 119 replaced by U+FFFD.
Invalid UTF-8 byte or sequence at line 119 replaced by U+FFFD.
Invalid UTF-8 byte or sequence at line 119 replaced by U+FFFD.
Invalid UTF-8 byte or sequence at line 119 replaced by U+FFFD.
Invalid UTF-8 byte or sequence at line 119 replaced by U+FFFD.
Invalid UTF-8 byte or sequence at line 119 replaced by U+FFFD.
Invalid UTF-8 byte or sequence at line 119 replaced by U+FFFD.
Invalid UTF-8 byte or sequence at line 119 replaced by U+FFFD.
Invalid UTF-8 byte or sequence at line 119 replaced by U+FFFD.
Invalid UTF-8 byte or sequence at line 119 replaced by U+FFFD.
Invalid UTF-8 byte or sequence at line 119 replaced by U+FFFD.
Invalid UTF-8 byte or sequence at line 119 replaced by U+FFFD.
Invalid UTF-8 byte or sequence at line 119 replaced by U+FFFD.
Invalid UTF-8 byte or sequence at line 119 replaced by U+FFFD.
Invalid UTF-8 byte or sequence at line 119 replaced by U+FFFD.
Invalid UTF-8 byte or sequence at line 119 replaced by U+FFFD.
Invalid UTF-8 byte or sequence at line 119 replaced by U+FFFD.
Invalid UTF-8 byte or sequence at line 119 replaced by U+FFFD.
Invalid UTF-8 byte or sequence at line 119 replaced by U+FFFD.
Invalid UTF-8 byte or sequence at line 119 replaced by U+FFFD.
Invalid UTF-8 byte or sequence at line 119 replaced by U+FFFD.
Invalid UTF-8 byte or sequence at line 119 replaced by U+FFFD.
Invalid UTF-8 byte or sequence at line 119 replaced by U+FFFD.
Invalid UTF-8 byte or sequence at line 119 replaced by U+FFFD.
Invalid UTF-8 byte or sequence at line 119 replaced by U+FFFD.
Invalid UTF-8 byte or sequence at line 119 replaced by U+FFFD.
Invalid UTF-8 byte or sequence at line 119 replaced by U+FFFD.
Invalid UTF-8 byte or sequence at line 119 replaced by U+FFFD.
Invalid UTF-8 byte or sequence at line 119 replaced by U+FFFD.
Invalid UTF-8 byte or sequence at line 119 replaced by U+FFFD.
Invalid UTF-8 byte or sequence at line 119 replaced by U+FFFD.
Invalid UTF-8 byte or sequence at line 119 replaced by U+FFFD.
Invalid UTF-8 byte or sequence at line 119 replaced by U+FFFD.
Invalid UTF-8 byte or sequence at line 119 replaced by U+FFFD.
Invalid UTF-8 byte or sequence at line 119 replaced by U+FFFD.
Invalid UTF-8 byte or sequence at line 119 replaced by U+FFFD.
Invalid UTF-8 byte or sequence at line 119 replaced by U+FFFD.
Invalid UTF-8 byte or sequence at line 119 replaced by U+FFFD.
Invalid UTF-8 byte or sequence at line 119 replaced by U+FFFD.
Invalid UTF-8 byte or sequence at line 119 replaced by U+FFFD.
Invalid UTF-8 byte or sequence at line 119 replaced by U+FFFD.
Invalid UTF-8 byte or sequence at line 119 replaced by U+FFFD.
Invalid UTF-8 byte or sequence at line 119 replaced by U+FFFD.
Invalid UTF-8 byte or sequence at line 119 replaced by U+FFFD.
Invalid UTF-8 byte or sequence at line 119 replaced by U+FFFD.
Invalid UTF-8 byte or sequence at line 119 replaced by U+FFFD.
Invalid UTF-8 byte or sequence at line 119 replaced by U+FFFD.
Invalid UTF-8 byte or sequence at line 119 replaced by U+FFFD.
Invalid UTF-8 byte or sequence at line 119 replaced by U+FFFD.
Invalid UTF-8 byte or sequence at line 119 replaced by U+FFFD.
Invalid UTF-8 byte or sequence at line 119 replaced by U+FFFD.
Invalid UTF-8 byte or sequence at line 119 replaced by U+FFFD.
Invalid UTF-8 byte or sequence at line 119 replaced by U+FFFD.
Invalid UTF-8 byte or sequence at line 119 replaced by U+FFFD.
Invalid UTF-8 byte or sequence at line 119 replaced by U+FFFD.
Invalid UTF-8 byte or sequence at line 119 replaced by U+FFFD.
Invalid UTF-8 byte or sequence at line 119 replaced by U+FFFD.
Invalid UTF-8 byte or sequence at line 119 replaced by U+FFFD.
Invalid UTF-8 byte or sequence at line 119 replaced by U+FFFD.
Invalid UTF-8 byte or sequence at line 119 replaced by U+FFFD.
Invalid UTF-8 byte or sequence at line 119 replaced by U+FFFD.
Invalid UTF-8 byte or sequence at line 119 replaced by U+FFFD.
Invalid UTF-8 byte or sequence at line 119 replaced by U+FFFD.
Invalid UTF-8 byte or sequence at line 119 replaced by U+FFFD.
Invalid UTF-8 byte or sequence at line 119 replaced by U+FFFD.
Invalid UTF-8 byte or sequence at line 119 replaced by U+FFFD.
Invalid UTF-8 byte or sequence at line 119 replaced by U+FFFD.
Invalid UTF-8 byte or sequence at line 119 replaced by U+FFFD.
Invalid UTF-8 byte or sequence at line 119 replaced by U+FFFD.
Invalid UTF-8 byte or sequence at line 119 replaced by U+FFFD.
Invalid UTF-8 byte or sequence at line 119 replaced by U+FFFD.
Invalid UTF-8 byte or sequence at line 119 replaced by U+FFFD.
Invalid UTF-8 byte or sequence at line 119 replaced by U+FFFD.
Invalid UTF-8 byte or sequence at line 119 replaced by U+FFFD.
Invalid UTF-8 byte or sequence at line 119 replaced by U+FFFD.
Invalid UTF-8 byte or sequence at line 119 replaced by U+FFFD.
Invalid UTF-8 byte or sequence at line 119 replaced by U+FFFD.
Invalid UTF-8 byte or sequence at line 119 replaced by U+FFFD.
Invalid UTF-8 byte or sequence at line 119 replaced by U+FFFD.
Invalid UTF-8 byte or sequence at line 119 replaced by U+FFFD.
Invalid UTF-8 byte or sequence at line 119 replaced by U+FFFD.
Invalid UTF-8 byte or sequence at line 119 replaced by U+FFFD.
Invalid UTF-8 byte or sequence at line 119 replaced by U+FFFD.
Invalid UTF-8 byte or sequence at line 119 replaced by U+FFFD.
Invalid UTF-8 byte or sequence at line 119 replaced by U+FFFD.
Invalid UTF-8 byte or sequence at line 119 replaced by U+FFFD.
Invalid UTF-8 byte or sequence at line 119 replaced by U+FFFD.
File: ../images//LG0_fbi_w1111_engl.eps Graphic file (type eps)
<../images//LG0_fbi_w1111_engl.eps>
File: ../../../visuals/RADACC_schmal.png Graphic file (type bmp)
<../../../visuals/RADACC_schmal.png>
File: ../../../visuals/exampleImage.png Graphic file (type bmp)
<../../../visuals/exampleImage.png>
File: ../../../visuals/radaccDashboardNew2.png Graphic file (type bmp)
<../../../visuals/radaccDashboardNew2.png>
[1

] (201911_BPSE_SS20.aux) ) 
Here is how much of TeX's memory you used:
 20031 strings out of 411295
 420025 string characters out of 2831840
 786381 words of memory out of 3000000
 40125 multiletter control sequences out of 15000+600000
 403702 words of font info for 61 fonts, out of 8000000 for 9000
 1351 hyphenation exceptions out of 8191
 108i,5n,108p,2757b,450s stack positions out of 5000i,500n,10000p,200000b,80000s

Output written on 201911_BPSE_SS20.pdf (1 page).
